  MAVI_Act7.cpp
E:\Facultad\Tecnicatura en Diseño y desarollo de Videojuegos\Cursando\Modelo y algoritmo de videojuegos I\Unidad 7\Actividad7_MAVI\Actividad7_MAVI\MAVI_Act7\MAVI_Act7\MAVI_Act7.cpp(30,26): warning C4838: la conversión de 'double' en 'float' requiere una conversión de restricción
E:\Facultad\Tecnicatura en Diseño y desarollo de Videojuegos\Cursando\Modelo y algoritmo de videojuegos I\Unidad 7\Actividad7_MAVI\Actividad7_MAVI\MAVI_Act7\MAVI_Act7\MAVI_Act7.cpp(30,26): warning C4244: 'inicializando': conversión de 'double' a 'float'; posible pérdida de datos
E:\Facultad\Tecnicatura en Diseño y desarollo de Videojuegos\Cursando\Modelo y algoritmo de videojuegos I\Unidad 7\Actividad7_MAVI\Actividad7_MAVI\MAVI_Act7\MAVI_Act7\MAVI_Act7.cpp(30,35): warning C4838: la conversión de 'int' en 'float' requiere una conversión de restricción
E:\Facultad\Tecnicatura en Diseño y desarollo de Videojuegos\Cursando\Modelo y algoritmo de videojuegos I\Unidad 7\Actividad7_MAVI\Actividad7_MAVI\MAVI_Act7\MAVI_Act7\MAVI_Act7.cpp(30,35): warning C4244: 'inicializando': conversión de 'int' a 'float'; posible pérdida de datos
E:\Facultad\Tecnicatura en Diseño y desarollo de Videojuegos\Cursando\Modelo y algoritmo de videojuegos I\Unidad 7\Actividad7_MAVI\Actividad7_MAVI\MAVI_Act7\MAVI_Act7\MAVI_Act7.cpp(41,23): warning C4244: 'argumento': conversión de 'double' a 'int'; posible pérdida de datos
E:\Facultad\Tecnicatura en Diseño y desarollo de Videojuegos\Cursando\Modelo y algoritmo de videojuegos I\Unidad 7\Actividad7_MAVI\Actividad7_MAVI\MAVI_Act7\MAVI_Act7\MAVI_Act7.cpp(42,82): warning C4244: 'argumento': conversión de 'double' a 'int'; posible pérdida de datos
E:\Facultad\Tecnicatura en Diseño y desarollo de Videojuegos\Cursando\Modelo y algoritmo de videojuegos I\Unidad 7\Actividad7_MAVI\Actividad7_MAVI\MAVI_Act7\MAVI_Act7\MAVI_Act7.cpp(43,94): warning C4244: 'argumento': conversión de 'double' a 'int'; posible pérdida de datos
E:\Facultad\Tecnicatura en Diseño y desarollo de Videojuegos\Cursando\Modelo y algoritmo de videojuegos I\Unidad 7\Actividad7_MAVI\Actividad7_MAVI\MAVI_Act7\MAVI_Act7\MAVI_Act7.cpp(44,54): warning C4244: 'argumento': conversión de 'double' a 'int'; posible pérdida de datos
E:\Facultad\Tecnicatura en Diseño y desarollo de Videojuegos\Cursando\Modelo y algoritmo de videojuegos I\Unidad 7\Actividad7_MAVI\Actividad7_MAVI\MAVI_Act7\MAVI_Act7\MAVI_Act7.cpp(45,57): warning C4244: 'argumento': conversión de 'double' a 'int'; posible pérdida de datos
E:\Facultad\Tecnicatura en Diseño y desarollo de Videojuegos\Cursando\Modelo y algoritmo de videojuegos I\Unidad 7\Actividad7_MAVI\Actividad7_MAVI\MAVI_Act7\MAVI_Act7\MAVI_Act7.cpp(46,73): warning C4244: 'argumento': conversión de 'double' a 'int'; posible pérdida de datos
E:\Facultad\Tecnicatura en Diseño y desarollo de Videojuegos\Cursando\Modelo y algoritmo de videojuegos I\Unidad 7\Actividad7_MAVI\Actividad7_MAVI\MAVI_Act7\MAVI_Act7\MAVI_Act7.cpp(47,75): warning C4244: 'argumento': conversión de 'double' a 'int'; posible pérdida de datos
E:\Facultad\Tecnicatura en Diseño y desarollo de Videojuegos\Cursando\Modelo y algoritmo de videojuegos I\Unidad 7\Actividad7_MAVI\Actividad7_MAVI\MAVI_Act7\MAVI_Act7\MAVI_Act7.cpp(48,20): warning C4244: 'argumento': conversión de 'double' a 'int'; posible pérdida de datos
E:\Facultad\Tecnicatura en Diseño y desarollo de Videojuegos\Cursando\Modelo y algoritmo de videojuegos I\Unidad 7\Actividad7_MAVI\Actividad7_MAVI\MAVI_Act7\MAVI_Act7\MAVI_Act7.cpp(49,24): warning C4244: 'argumento': conversión de 'double' a 'int'; posible pérdida de datos
E:\Facultad\Tecnicatura en Diseño y desarollo de Videojuegos\Cursando\Modelo y algoritmo de videojuegos I\Unidad 7\Actividad7_MAVI\Actividad7_MAVI\MAVI_Act7\MAVI_Act7\MAVI_Act7.cpp(148,26): warning C4838: la conversión de 'double' en 'float' requiere una conversión de restricción
E:\Facultad\Tecnicatura en Diseño y desarollo de Videojuegos\Cursando\Modelo y algoritmo de videojuegos I\Unidad 7\Actividad7_MAVI\Actividad7_MAVI\MAVI_Act7\MAVI_Act7\MAVI_Act7.cpp(148,26): warning C4244: 'inicializando': conversión de 'double' a 'float'; posible pérdida de datos
E:\Facultad\Tecnicatura en Diseño y desarollo de Videojuegos\Cursando\Modelo y algoritmo de videojuegos I\Unidad 7\Actividad7_MAVI\Actividad7_MAVI\MAVI_Act7\MAVI_Act7\MAVI_Act7.cpp(148,35): warning C4838: la conversión de 'int' en 'float' requiere una conversión de restricción
E:\Facultad\Tecnicatura en Diseño y desarollo de Videojuegos\Cursando\Modelo y algoritmo de videojuegos I\Unidad 7\Actividad7_MAVI\Actividad7_MAVI\MAVI_Act7\MAVI_Act7\MAVI_Act7.cpp(148,35): warning C4244: 'inicializando': conversión de 'int' a 'float'; posible pérdida de datos
E:\Facultad\Tecnicatura en Diseño y desarollo de Videojuegos\Cursando\Modelo y algoritmo de videojuegos I\Unidad 7\Actividad7_MAVI\Actividad7_MAVI\MAVI_Act7\MAVI_Act7\MAVI_Act7.cpp(171,45): warning C4244: 'argumento': conversión de 'double' a 'int'; posible pérdida de datos
E:\Facultad\Tecnicatura en Diseño y desarollo de Videojuegos\Cursando\Modelo y algoritmo de videojuegos I\Unidad 7\Actividad7_MAVI\Actividad7_MAVI\MAVI_Act7\MAVI_Act7\MAVI_Act7.cpp(172,49): warning C4244: 'argumento': conversión de 'double' a 'int'; posible pérdida de datos
E:\Facultad\Tecnicatura en Diseño y desarollo de Videojuegos\Cursando\Modelo y algoritmo de videojuegos I\Unidad 7\Actividad7_MAVI\Actividad7_MAVI\MAVI_Act7\MAVI_Act7\MAVI_Act7.cpp(173,20): warning C4244: 'argumento': conversión de 'double' a 'int'; posible pérdida de datos
E:\Facultad\Tecnicatura en Diseño y desarollo de Videojuegos\Cursando\Modelo y algoritmo de videojuegos I\Unidad 7\Actividad7_MAVI\Actividad7_MAVI\MAVI_Act7\MAVI_Act7\MAVI_Act7.cpp(174,24): warning C4244: 'argumento': conversión de 'double' a 'int'; posible pérdida de datos
  MAVI_Act7.vcxproj -> E:\Facultad\Tecnicatura en Diseño y desarollo de Videojuegos\Cursando\Modelo y algoritmo de videojuegos I\Unidad 7\Actividad7_MAVI\Actividad7_MAVI\MAVI_Act7\x64\Debug\MAVI_Act7.exe
